# JRE version: Java(TM) SE Runtime Environment (10.0+46) (build 10+46)
# Java VM: Java HotSpot(TM) 64-Bit Server VM (10+46, mixed mode, tiered, compressed oops, g1 gc, windows-amd64)
Heap:
 garbage-first heap   total 131072K, used 60216K [0x00000000c0000000, 0x0000000100000000)
  region size 1024K, 51 young (52224K), 1 survivors (1024K)
 Metaspace       used 30325K, capacity 31504K, committed 31744K, reserved 1083392K
  class space    used 2865K, capacity 3267K, committed 3328K, reserved 1048576K
GC Heap History (9 events):
Event: 2.272 GC heap before
{Heap before GC invocations=0 (full 0):
 garbage-first heap   total 131072K, used 14336K [0x00000000c0000000, 0x0000000100000000)
  region size 1024K, 14 young (14336K), 0 survivors (0K)
 Metaspace       used 9544K, capacity 9692K, committed 9856K, reserved 1058816K
  class space    used 803K, capacity 852K, committed 896K, reserved 1048576K
}
Event: 2.279 GC heap after
{Heap after GC invocations=1 (full 0):
 garbage-first heap   total 131072K, used 2846K [0x00000000c0000000, 0x0000000100000000)
  region size 1024K, 2 young (2048K), 2 survivors (2048K)
 Metaspace       used 9544K, capacity 9692K, committed 9856K, reserved 1058816K
  class space    used 803K, capacity 852K, committed 896K, reserved 1048576K
}
Event: 3.449 GC heap before
{Heap before GC invocations=1 (full 0):
 garbage-first heap   total 131072K, used 15134K [0x00000000c0000000, 0x0000000100000000)
  region size 1024K, 14 young (14336K), 2 survivors (2048K)
 Metaspace       used 13197K, capacity 13431K, committed 13568K, reserved 1060864K
  class space    used 1164K, capacity 1221K, committed 1280K, reserved 1048576K
}
Event: 3.458 GC heap after
{Heap after GC invocations=2 (full 0):
 garbage-first heap   total 131072K, used 4181K [0x00000000c0000000, 0x0000000100000000)
  region size 1024K, 2 young (2048K), 2 survivors (2048K)
 Metaspace       used 13197K, capacity 13431K, committed 13568K, reserved 1060864K
  class space    used 1164K, capacity 1221K, committed 1280K, reserved 1048576K
}
Event: 5.087 GC heap before
{Heap before GC invocations=2 (full 0):
 garbage-first heap   total 131072K, used 35925K [0x00000000c0000000, 0x0000000100000000)
  region size 1024K, 33 young (33792K), 2 survivors (2048K)
 Metaspace       used 14778K, capacity 15118K, committed 15360K, reserved 1062912K
  class space    used 1307K, capacity 1441K, committed 1536K, reserved 1048576K
}
Event: 5.098 GC heap after
{Heap after GC invocations=3 (full 0):
 garbage-first heap   total 131072K, used 7512K [0x00000000c0000000, 0x0000000100000000)
  region size 1024K, 5 young (5120K), 5 survivors (5120K)
 Metaspace       used 14778K, capacity 15118K, committed 15360K, reserved 1062912K
  class space    used 1307K, capacity 1441K, committed 1536K, reserved 1048576K
}
Event: 6.514 GC heap before
{Heap before GC invocations=3 (full 0):
 garbage-first heap   total 131072K, used 22872K [0x00000000c0000000, 0x0000000100000000)
  region size 1024K, 21 young (21504K), 5 survivors (5120K)
 Metaspace       used 20298K, capacity 21108K, committed 21296K, reserved 1069056K
  class space    used 1781K, capacity 2055K, committed 2176K, reserved 1048576K
}
Event: 6.526 GC heap after
{Heap after GC invocations=4 (full 0):
 garbage-first heap   total 131072K, used 9700K [0x00000000c0000000, 0x0000000100000000)
  region size 1024K, 7 young (7168K), 7 survivors (7168K)
 Metaspace       used 20298K, capacity 21108K, committed 21296K, reserved 1069056K
  class space    used 1781K, capacity 2055K, committed 2176K, reserved 1048576K
}
Event: 13.467 GC heap before
{Heap before GC invocations=5 (full 0):
 garbage-first heap   total 131072K, used 59876K [0x00000000c0000000, 0x0000000100000000)
  region size 1024K, 57 young (58368K), 7 survivors (7168K)
 Metaspace       used 30325K, capacity 31504K, committed 31744K, reserved 1083392K
  class space    used 2865K, capacity 3267K, committed 3328K, reserved 1048576K
}

