# JRE version: Java(TM) SE Runtime Environment (10.0+46) (build 10+46)
# Java VM: Java HotSpot(TM) 64-Bit Server VM (10+46, mixed mode, tiered, compressed oops, g1 gc, windows-amd64)
Heap:
 garbage-first heap   total 131072K, used 37308K [0x00000000c0000000, 0x0000000100000000)
  region size 1024K, 22 young (22528K), 4 survivors (4096K)
 Metaspace       used 40753K, capacity 42989K, committed 43392K, reserved 1087488K
  class space    used 4032K, capacity 4736K, committed 4736K, reserved 1048576K
GC Heap History (10 events):
Event: 3.909 GC heap before
{Heap before GC invocations=3 (full 0):
 garbage-first heap   total 131072K, used 17583K [0x00000000c0000000, 0x0000000100000000)
  region size 1024K, 15 young (15360K), 5 survivors (5120K)
 Metaspace       used 21794K, capacity 22744K, committed 22912K, reserved 1071104K
  class space    used 1889K, capacity 2157K, committed 2176K, reserved 1048576K
}
Event: 3.923 GC heap after
{Heap after GC invocations=4 (full 0):
 garbage-first heap   total 131072K, used 8165K [0x00000000c0000000, 0x0000000100000000)
  region size 1024K, 1 young (1024K), 1 survivors (1024K)
 Metaspace       used 21794K, capacity 22744K, committed 22912K, reserved 1071104K
  class space    used 1889K, capacity 2157K, committed 2176K, reserved 1048576K
}
Event: 5.270 GC heap before
{Heap before GC invocations=4 (full 0):
 garbage-first heap   total 131072K, used 39909K [0x00000000c0000000, 0x0000000100000000)
  region size 1024K, 32 young (32768K), 1 survivors (1024K)
 Metaspace       used 27891K, capacity 29072K, committed 29440K, reserved 1075200K
  class space    used 2615K, capacity 2973K, committed 3072K, reserved 1048576K
}
Event: 5.277 GC heap after
{Heap after GC invocations=5 (full 0):
 garbage-first heap   total 131072K, used 10102K [0x00000000c0000000, 0x0000000100000000)
  region size 1024K, 3 young (3072K), 3 survivors (3072K)
 Metaspace       used 27891K, capacity 29072K, committed 29440K, reserved 1075200K
  class space    used 2615K, capacity 2973K, committed 3072K, reserved 1048576K
}
Event: 7.278 GC heap before
{Heap before GC invocations=5 (full 0):
 garbage-first heap   total 131072K, used 59254K [0x00000000c0000000, 0x0000000100000000)
  region size 1024K, 51 young (52224K), 3 survivors (3072K)
 Metaspace       used 33762K, capacity 35376K, committed 35584K, reserved 1081344K
  class space    used 3289K, capacity 3808K, committed 3840K, reserved 1048576K
}
Event: 7.294 GC heap after
{Heap after GC invocations=6 (full 0):
 garbage-first heap   total 131072K, used 16341K [0x00000000c0000000, 0x0000000100000000)
  region size 1024K, 7 young (7168K), 7 survivors (7168K)
 Metaspace       used 33762K, capacity 35376K, committed 35584K, reserved 1081344K
  class space    used 3289K, capacity 3808K, committed 3840K, reserved 1048576K
}
Event: 7.386 GC heap before
{Heap before GC invocations=6 (full 0):
 garbage-first heap   total 131072K, used 17365K [0x00000000c0000000, 0x0000000100000000)
  region size 1024K, 9 young (9216K), 7 survivors (7168K)
 Metaspace       used 33913K, capacity 35542K, committed 35840K, reserved 1081344K
  class space    used 3311K, capacity 3825K, committed 3840K, reserved 1048576K
}
Event: 7.397 GC heap after
{Heap after GC invocations=7 (full 0):
 garbage-first heap   total 131072K, used 16958K [0x00000000c0000000, 0x0000000100000000)
  region size 1024K, 1 young (1024K), 1 survivors (1024K)
 Metaspace       used 33913K, capacity 35542K, committed 35840K, reserved 1081344K
  class space    used 3311K, capacity 3825K, committed 3840K, reserved 1048576K
}
Event: 9.774 GC heap before
{Heap before GC invocations=8 (full 0):
 garbage-first heap   total 131072K, used 58942K [0x00000000c0000000, 0x0000000100000000)
  region size 1024K, 42 young (43008K), 1 survivors (1024K)
 Metaspace       used 40213K, capacity 42413K, committed 42880K, reserved 1087488K
  class space    used 3973K, capacity 4672K, committed 4736K, reserved 1048576K
}
Event: 9.783 GC heap after
{Heap after GC invocations=9 (full 0):
 garbage-first heap   total 131072K, used 19900K [0x00000000c0000000, 0x0000000100000000)
  region size 1024K, 4 young (4096K), 4 survivors (4096K)
 Metaspace       used 40213K, capacity 42413K, committed 42880K, reserved 1087488K
  class space    used 3973K, capacity 4672K, committed 4736K, reserved 1048576K
}

