# JRE version: Java(TM) SE Runtime Environment (10.0+46) (build 10+46)
# Java VM: Java HotSpot(TM) 64-Bit Server VM (10+46, mixed mode, tiered, compressed oops, g1 gc, windows-amd64)
Heap:
 garbage-first heap   total 131072K, used 90757K [0x00000000c0000000, 0x0000000100000000)
  region size 1024K, 46 young (47104K), 5 survivors (5120K)
 Metaspace       used 45650K, capacity 47837K, committed 48080K, reserved 1091584K
  class space    used 4433K, capacity 5201K, committed 5328K, reserved 1048576K
GC Heap History (10 events):
Event: 9.551 GC heap before
{Heap before GC invocations=9 (full 0):
 garbage-first heap   total 131072K, used 75875K [0x00000000c0000000, 0x0000000100000000)
  region size 1024K, 61 young (62464K), 8 survivors (8192K)
 Metaspace       used 40939K, capacity 43025K, committed 43216K, reserved 1087488K
  class space    used 4052K, capacity 4770K, committed 4816K, reserved 1048576K
}
Event: 9.567 GC heap after
{Heap after GC invocations=10 (full 0):
 garbage-first heap   total 131072K, used 26569K [0x00000000c0000000, 0x0000000100000000)
  region size 1024K, 5 young (5120K), 5 survivors (5120K)
 Metaspace       used 40939K, capacity 43025K, committed 43216K, reserved 1087488K
  class space    used 4052K, capacity 4770K, committed 4816K, reserved 1048576K
}
Event: 9.920 GC heap before
{Heap before GC invocations=10 (full 0):
 garbage-first heap   total 131072K, used 82889K [0x00000000c0000000, 0x0000000100000000)
  region size 1024K, 60 young (61440K), 5 survivors (5120K)
 Metaspace       used 41048K, capacity 43153K, committed 43472K, reserved 1087488K
  class space    used 4056K, capacity 4770K, committed 4816K, reserved 1048576K
}
Event: 9.934 GC heap after
{Heap after GC invocations=11 (full 0):
 garbage-first heap   total 131072K, used 30992K [0x00000000c0000000, 0x0000000100000000)
  region size 1024K, 5 young (5120K), 5 survivors (5120K)
 Metaspace       used 41048K, capacity 43153K, committed 43472K, reserved 1087488K
  class space    used 4056K, capacity 4770K, committed 4816K, reserved 1048576K
}
Event: 10.791 GC heap before
{Heap before GC invocations=11 (full 0):
 garbage-first heap   total 131072K, used 89360K [0x00000000c0000000, 0x0000000100000000)
  region size 1024K, 61 young (62464K), 5 survivors (5120K)
 Metaspace       used 42267K, capacity 44450K, committed 44624K, reserved 1089536K
  class space    used 4179K, capacity 4944K, committed 4944K, reserved 1048576K
}
Event: 10.807 GC heap after
{Heap after GC invocations=12 (full 0):
 garbage-first heap   total 131072K, used 37310K [0x00000000c0000000, 0x0000000100000000)
  region size 1024K, 6 young (6144K), 6 survivors (6144K)
 Metaspace       used 42267K, capacity 44450K, committed 44624K, reserved 1089536K
  class space    used 4179K, capacity 4944K, committed 4944K, reserved 1048576K
}
Event: 11.967 GC heap before
{Heap before GC invocations=12 (full 0):
 garbage-first heap   total 131072K, used 93630K [0x00000000c0000000, 0x0000000100000000)
  region size 1024K, 61 young (62464K), 6 survivors (6144K)
 Metaspace       used 42925K, capacity 45149K, committed 45520K, reserved 1089536K
  class space    used 4238K, capacity 5028K, committed 5072K, reserved 1048576K
}
Event: 11.987 GC heap after
{Heap after GC invocations=13 (full 0):
 garbage-first heap   total 131072K, used 43121K [0x00000000c0000000, 0x0000000100000000)
  region size 1024K, 6 young (6144K), 6 survivors (6144K)
 Metaspace       used 42925K, capacity 45149K, committed 45520K, reserved 1089536K
  class space    used 4238K, capacity 5028K, committed 5072K, reserved 1048576K
}
Event: 278.389 GC heap before
{Heap before GC invocations=13 (full 0):
 garbage-first heap   total 131072K, used 99441K [0x00000000c0000000, 0x0000000100000000)
  region size 1024K, 59 young (60416K), 6 survivors (6144K)
 Metaspace       used 44790K, capacity 46956K, committed 47184K, reserved 1091584K
  class space    used 4364K, capacity 5122K, committed 5200K, reserved 1048576K
}
Event: 278.415 GC heap after
{Heap after GC invocations=14 (full 0):
 garbage-first heap   total 131072K, used 49797K [0x00000000c0000000, 0x0000000100000000)
  region size 1024K, 5 young (5120K), 5 survivors (5120K)
 Metaspace       used 44790K, capacity 46956K, committed 47184K, reserved 1091584K
  class space    used 4364K, capacity 5122K, committed 5200K, reserved 1048576K
}

