# JRE version: Java(TM) SE Runtime Environment (10.0+46) (build 10+46)
# Java VM: Java HotSpot(TM) 64-Bit Server VM (10+46, mixed mode, tiered, compressed oops, g1 gc, windows-amd64)
Heap:
 garbage-first heap   total 131072K, used 83901K [0x00000000c0000000, 0x0000000100000000)
  region size 1024K, 45 young (46080K), 7 survivors (7168K)
 Metaspace       used 45896K, capacity 48211K, committed 48284K, reserved 1091584K
  class space    used 4474K, capacity 5242K, committed 5276K, reserved 1048576K
GC Heap History (10 events):
Event: 6.370 GC heap before
{Heap before GC invocations=7 (full 0):
 garbage-first heap   total 131072K, used 73911K [0x00000000c0000000, 0x0000000100000000)
  region size 1024K, 65 young (66560K), 9 survivors (9216K)
 Metaspace       used 40759K, capacity 42925K, committed 43164K, reserved 1087488K
  class space    used 4037K, capacity 4736K, committed 4764K, reserved 1048576K
}
Event: 6.398 GC heap after
{Heap after GC invocations=8 (full 0):
 garbage-first heap   total 131072K, used 21149K [0x00000000c0000000, 0x0000000100000000)
  region size 1024K, 9 young (9216K), 9 survivors (9216K)
 Metaspace       used 40759K, capacity 42925K, committed 43164K, reserved 1087488K
  class space    used 4037K, capacity 4736K, committed 4764K, reserved 1048576K
}
Event: 6.727 GC heap before
{Heap before GC invocations=8 (full 0):
 garbage-first heap   total 131072K, used 81565K [0x00000000c0000000, 0x0000000100000000)
  region size 1024K, 68 young (69632K), 9 survivors (9216K)
 Metaspace       used 41052K, capacity 43152K, committed 43548K, reserved 1087488K
  class space    used 4060K, capacity 4770K, committed 4892K, reserved 1048576K
}
Event: 6.746 GC heap after
{Heap after GC invocations=9 (full 0):
 garbage-first heap   total 131072K, used 26759K [0x00000000c0000000, 0x0000000100000000)
  region size 1024K, 6 young (6144K), 6 survivors (6144K)
 Metaspace       used 41052K, capacity 43152K, committed 43548K, reserved 1087488K
  class space    used 4060K, capacity 4770K, committed 4892K, reserved 1048576K
}
Event: 7.428 GC heap before
{Heap before GC invocations=9 (full 0):
 garbage-first heap   total 131072K, used 89223K [0x00000000c0000000, 0x0000000100000000)
  region size 1024K, 66 young (67584K), 6 survivors (6144K)
 Metaspace       used 42215K, capacity 44449K, committed 44700K, reserved 1089536K
  class space    used 4181K, capacity 4944K, committed 5020K, reserved 1048576K
}
Event: 7.442 GC heap after
{Heap after GC invocations=10 (full 0):
 garbage-first heap   total 131072K, used 32310K [0x00000000c0000000, 0x0000000100000000)
  region size 1024K, 6 young (6144K), 6 survivors (6144K)
 Metaspace       used 42215K, capacity 44449K, committed 44700K, reserved 1089536K
  class space    used 4181K, capacity 4944K, committed 5020K, reserved 1048576K
}
Event: 7.728 GC heap before
{Heap before GC invocations=10 (full 0):
 garbage-first heap   total 131072K, used 93750K [0x00000000c0000000, 0x0000000100000000)
  region size 1024K, 66 young (67584K), 6 survivors (6144K)
 Metaspace       used 42285K, capacity 44449K, committed 44700K, reserved 1089536K
  class space    used 4181K, capacity 4944K, committed 5020K, reserved 1048576K
}
Event: 7.744 GC heap after
{Heap after GC invocations=11 (full 0):
 garbage-first heap   total 131072K, used 37075K [0x00000000c0000000, 0x0000000100000000)
  region size 1024K, 5 young (5120K), 5 survivors (5120K)
 Metaspace       used 42285K, capacity 44449K, committed 44700K, reserved 1089536K
  class space    used 4181K, capacity 4944K, committed 5020K, reserved 1048576K
}
Event: 9.256 GC heap before
{Heap before GC invocations=11 (full 0):
 garbage-first heap   total 131072K, used 99539K [0x00000000c0000000, 0x0000000100000000)
  region size 1024K, 64 young (65536K), 5 survivors (5120K)
 Metaspace       used 43418K, capacity 45632K, committed 45852K, reserved 1089536K
  class space    used 4288K, capacity 5039K, committed 5148K, reserved 1048576K
}
Event: 9.276 GC heap after
{Heap after GC invocations=12 (full 0):
 garbage-first heap   total 131072K, used 46013K [0x00000000c0000000, 0x0000000100000000)
  region size 1024K, 7 young (7168K), 7 survivors (7168K)
 Metaspace       used 43418K, capacity 45632K, committed 45852K, reserved 1089536K
  class space    used 4288K, capacity 5039K, committed 5148K, reserved 1048576K
}

